2023-12-31 19:16:49,467 CRIT Supervisor is running as root.  Privileges were not dropped because no user is specified in the config file.  If you intend to run as root, you can set user=root in the config file to avoid this message.
2023-12-31 19:16:49,481 INFO supervisord started with pid 7994
2023-12-31 19:16:50,488 INFO spawned: 'django' with pid 8000
2023-12-31 19:16:51,522 INFO success: django entered RUNNING state, process has stayed up for > than 1 seconds (startsecs)
2023-12-31 19:18:18,816 WARN received SIGINT indicating exit request
2023-12-31 19:18:18,818 INFO waiting for django to die
2023-12-31 19:18:19,822 INFO stopped: django (terminated by SIGTERM)
2023-12-31 19:20:42,999 CRIT Supervisor is running as root.  Privileges were not dropped because no user is specified in the config file.  If you intend to run as root, you can set user=root in the config file to avoid this message.
2023-12-31 19:20:43,010 INFO supervisord started with pid 8741
2023-12-31 19:20:44,016 INFO spawned: 'django' with pid 8744
2023-12-31 19:20:45,043 INFO success: django entered RUNNING state, process has stayed up for > than 1 seconds (startsecs)
2023-12-31 19:23:49,214 WARN received SIGINT indicating exit request
2023-12-31 19:23:49,215 INFO waiting for django to die
2023-12-31 19:23:50,218 INFO stopped: django (terminated by SIGTERM)
2023-12-31 19:23:50,990 CRIT Supervisor is running as root.  Privileges were not dropped because no user is specified in the config file.  If you intend to run as root, you can set user=root in the config file to avoid this message.
2023-12-31 19:23:50,999 INFO supervisord started with pid 9326
2023-12-31 19:23:52,004 INFO spawned: 'django' with pid 9335
2023-12-31 19:23:53,047 INFO success: django entered RUNNING state, process has stayed up for > than 1 seconds (startsecs)
2023-12-31 19:29:12,018 WARN received SIGINT indicating exit request
2023-12-31 19:29:12,019 INFO waiting for django to die
2023-12-31 19:29:13,022 INFO stopped: django (terminated by SIGTERM)
2023-12-31 19:29:14,930 CRIT Supervisor is running as root.  Privileges were not dropped because no user is specified in the config file.  If you intend to run as root, you can set user=root in the config file to avoid this message.
2023-12-31 19:29:14,944 INFO supervisord started with pid 10336
2023-12-31 19:29:15,950 INFO spawned: 'django' with pid 10342
2023-12-31 19:29:16,993 INFO success: django entered RUNNING state, process has stayed up for > than 1 seconds (startsecs)
2023-12-31 19:29:42,252 WARN received SIGINT indicating exit request
2023-12-31 19:29:42,252 INFO waiting for django to die
2023-12-31 19:29:43,255 INFO stopped: django (terminated by SIGTERM)
